[09:26:21] [ServerMain/INFO]: Environment: Environment[sessionHost=https://sessionserver.mojang.com, servicesHost=https://api.minecraftservices.com, name=PROD]
[09:26:22] [ServerMain/INFO]: No existing world data, creating new world
[09:26:22] [ServerMain/INFO]: Loaded 1290 recipes
[09:26:22] [ServerMain/INFO]: Loaded 1399 advancements
[09:26:23] [Server thread/INFO]: Starting minecraft server version 1.21
[09:26:23] [Server thread/INFO]: Loading properties
[09:26:23] [Server thread/INFO]: Default game type: SURVIVAL
[09:26:23] [Server thread/INFO]: Generating keypair
[09:26:23] [Server thread/INFO]: Starting Minecraft server on *:25565
[09:26:23] [Server thread/INFO]: Using epoll channel type
[09:26:23] [Server thread/INFO]: Preparing level "world"
[09:26:27] [Server thread/INFO]: Preparing start region for dimension minecraft:overworld
[09:26:27] [Worker-Main-4/INFO]: Preparing spawn area: 4%
[09:26:27] [Worker-Main-6/INFO]: Preparing spawn area: 4%
[09:26:28] [Worker-Main-1/INFO]: Preparing spawn area: 18%
[09:26:28] [Worker-Main-2/INFO]: Preparing spawn area: 18%
[09:26:29] [Worker-Main-4/INFO]: Preparing spawn area: 51%
[09:26:29] [Worker-Main-7/INFO]: Preparing spawn area: 51%
[09:26:29] [Server thread/INFO]: Time elapsed: 2670 ms
[09:26:29] [Server thread/INFO]: Done (6.525s)! For help, type "help"
[09:26:29] [Server thread/INFO]: Starting remote control listener
[09:26:29] [Server thread/INFO]: Thread RCON Listener started
[09:26:29] [Server thread/INFO]: RCON running on 0.0.0.0:25575
[09:28:50] [RCON Listener #1/INFO]: Thread RCON Client /0:0:0:0:0:0:0:1 started
[09:28:50] [Server thread/INFO]: [Rcon: Stopping the server]
[09:28:50] [RCON Client /0:0:0:0:0:0:0:1 #2/INFO]: Thread RCON Client /0:0:0:0:0:0:0:1 shutting down
[09:28:50] [Server thread/INFO]: Stopping server
[09:28:50] [Server thread/INFO]: Saving players
[09:28:50] [Server thread/INFO]: Saving worlds
[09:28:51] [Server thread/INFO]: Saving chunks for level 'ServerLevel[world]'/minecraft:overworld
[09:28:51] [Server thread/INFO]: Saving chunks for level 'ServerLevel[world]'/minecraft:the_nether
[09:28:51] [Server thread/INFO]: Saving chunks for level 'ServerLevel[world]'/minecraft:the_end
[09:28:51] [Server thread/INFO]: ThreadedAnvilChunkStorage (world): All chunks are saved
[09:28:51] [Server thread/INFO]: ThreadedAnvilChunkStorage (DIM-1): All chunks are saved
[09:28:51] [Server thread/INFO]: ThreadedAnvilChunkStorage (DIM1): All chunks are saved
[09:28:51] [Server thread/INFO]: ThreadedAnvilChunkStorage: All dimensions are saved
[09:28:51] [Server thread/INFO]: Thread RCON Listener stopped
